07:51:33:563 [ALWAYS]	GUDE Logging Started
07:51:33:563 [INFO]	SqliteResumeCache::SqliteResumeCache basedirectory is null/empty
07:51:33:563 [ERROR]	SqliteResumeCache::CreateSqliteResumeCache creating resume cache pointer failure
07:51:33:563 [ERROR]	Initialize resume cache pointer failure
07:51:33:563 [INFO]	gude policy POLICY_USER limit (2,2,1) chunk 2097152, chunking (UL 0 DL 1), resXfer 1, adapt 0, NSURL 0, timeout 86400 
07:51:33:563 [INFO]	Initialized -- gude-lib version: v0.12.1 app: gude
07:51:34:645 [WARN]	Ignoring attempt to reinit logging to \gude at level 4 retaining 3 days of logs
07:51:34:645 [INFO]	SqliteResumeCache::SqliteResumeCache basedirectory is null/empty
07:51:34:645 [ERROR]	SqliteResumeCache::CreateSqliteResumeCache creating resume cache pointer failure
07:51:34:645 [ERROR]	Initialize resume cache pointer failure
07:51:34:645 [INFO]	gude policy POLICY_USER limit (4,4,1) chunk 2097152, chunking (UL 0 DL 1), resXfer 1, adapt 0, NSURL 1, timeout 86400 
07:51:34:645 [INFO]	Initialized -- gude-lib version: v0.12.1 app: gude
07:51:53:473 [ALWAYS]	GUDE Logging Started
07:51:53:475 [INFO]	SqliteResumeCache::SqliteResumeCache basedirectory is null/empty
07:51:53:475 [ERROR]	SqliteResumeCache::CreateSqliteResumeCache creating resume cache pointer failure
07:51:53:475 [ERROR]	Initialize resume cache pointer failure
07:51:53:475 [INFO]	gude policy POLICY_USER limit (2,2,1) chunk 2097152, chunking (UL 0 DL 1), resXfer 1, adapt 0, NSURL 0, timeout 86400 
07:51:53:475 [INFO]	Initialized -- gude-lib version: v0.12.1 app: gude
07:51:54:231 [WARN]	Ignoring attempt to reinit logging to \gude at level 4 retaining 3 days of logs
07:51:54:231 [INFO]	SqliteResumeCache::SqliteResumeCache basedirectory is null/empty
07:51:54:231 [ERROR]	SqliteResumeCache::CreateSqliteResumeCache creating resume cache pointer failure
07:51:54:231 [ERROR]	Initialize resume cache pointer failure
07:51:54:232 [INFO]	gude policy POLICY_USER limit (4,4,1) chunk 2097152, chunking (UL 0 DL 1), resXfer 1, adapt 0, NSURL 1, timeout 86400 
07:51:54:232 [INFO]	Initialized -- gude-lib version: v0.12.1 app: gude
